make --dry-run --always-make --keep-going --print-directory
make: Entering directory '/home/ecence/Documents/C++/2DSur'
/usr/bin/cmake -S/home/ecence/Documents/C++/2DSur -B/home/ecence/Documents/C++/2DSur --check-build-system CMakeFiles/Makefile.cmake 0
/usr/bin/cmake -E cmake_progress_start /home/ecence/Documents/C++/2DSur/CMakeFiles /home/ecence/Documents/C++/2DSur/CMakeFiles/progress.marks
make -f CMakeFiles/Makefile2 all
make[1]: Entering directory '/home/ecence/Documents/C++/2DSur'
make -f CMakeFiles/2DSur_autogen.dir/build.make CMakeFiles/2DSur_autogen.dir/depend
make[2]: Entering directory '/home/ecence/Documents/C++/2DSur'
cd /home/ecence/Documents/C++/2DSur && /usr/bin/cmake -E cmake_depends "Unix Makefiles" /home/ecence/Documents/C++/2DSur /home/ecence/Documents/C++/2DSur /home/ecence/Documents/C++/2DSur /home/ecence/Documents/C++/2DSur /home/ecence/Documents/C++/2DSur/CMakeFiles/2DSur_autogen.dir/DependInfo.cmake --color=
make[2]: Leaving directory '/home/ecence/Documents/C++/2DSur'
make -f CMakeFiles/2DSur_autogen.dir/build.make CMakeFiles/2DSur_autogen.dir/build
make[2]: Entering directory '/home/ecence/Documents/C++/2DSur'
/usr/bin/cmake -E cmake_echo_color --switch= --blue --bold --progress-dir=/home/ecence/Documents/C++/2DSur/CMakeFiles --progress-num=11 "Automatic MOC for target 2DSur"
/usr/bin/cmake -E cmake_autogen /home/ecence/Documents/C++/2DSur/CMakeFiles/2DSur_autogen.dir/AutogenInfo.json ""
make[2]: Leaving directory '/home/ecence/Documents/C++/2DSur'
/usr/bin/cmake -E cmake_echo_color --switch= --progress-dir=/home/ecence/Documents/C++/2DSur/CMakeFiles --progress-num=11 "Built target 2DSur_autogen"
make -f CMakeFiles/2DSur.dir/build.make CMakeFiles/2DSur.dir/depend
make[2]: Entering directory '/home/ecence/Documents/C++/2DSur'
cd /home/ecence/Documents/C++/2DSur && /usr/bin/cmake -E cmake_depends "Unix Makefiles" /home/ecence/Documents/C++/2DSur /home/ecence/Documents/C++/2DSur /home/ecence/Documents/C++/2DSur /home/ecence/Documents/C++/2DSur /home/ecence/Documents/C++/2DSur/CMakeFiles/2DSur.dir/DependInfo.cmake --color=
make[2]: Leaving directory '/home/ecence/Documents/C++/2DSur'
make -f CMakeFiles/2DSur.dir/build.make CMakeFiles/2DSur.dir/build
make[2]: Entering directory '/home/ecence/Documents/C++/2DSur'
/usr/bin/cmake -E cmake_echo_color --switch= --green --progress-dir=/home/ecence/Documents/C++/2DSur/CMakeFiles --progress-num=1 "Building CXX object CMakeFiles/2DSur.dir/2DSur_autogen/mocs_compilation.cpp.o"
/usr/bin/c++  -DQT_CORE_LIB -DQT_GUI_LIB -DQT_NO_DEBUG -DQT_WIDGETS_LIB -I/home/ecence/Documents/C++/2DSur/2DSur_autogen/include -I/home/ecence/Documents/C++/2DSur/headers -isystem /usr/include/x86_64-linux-gnu/qt5 -isystem /usr/include/x86_64-linux-gnu/qt5/QtCore -isystem /usr/lib/x86_64-linux-gnu/qt5/mkspecs/linux-g++ -isystem /usr/include/x86_64-linux-gnu/qt5/QtWidgets -isystem /usr/include/x86_64-linux-gnu/qt5/QtGui  -fPIC -o CMakeFiles/2DSur.dir/2DSur_autogen/mocs_compilation.cpp.o -c /home/ecence/Documents/C++/2DSur/2DSur_autogen/mocs_compilation.cpp
/usr/bin/cmake -E cmake_echo_color --switch= --green --progress-dir=/home/ecence/Documents/C++/2DSur/CMakeFiles --progress-num=2 "Building CXX object CMakeFiles/2DSur.dir/src/main.cpp.o"
/usr/bin/c++  -DQT_CORE_LIB -DQT_GUI_LIB -DQT_NO_DEBUG -DQT_WIDGETS_LIB -I/home/ecence/Documents/C++/2DSur/2DSur_autogen/include -I/home/ecence/Documents/C++/2DSur/headers -isystem /usr/include/x86_64-linux-gnu/qt5 -isystem /usr/include/x86_64-linux-gnu/qt5/QtCore -isystem /usr/lib/x86_64-linux-gnu/qt5/mkspecs/linux-g++ -isystem /usr/include/x86_64-linux-gnu/qt5/QtWidgets -isystem /usr/include/x86_64-linux-gnu/qt5/QtGui  -fPIC -o CMakeFiles/2DSur.dir/src/main.cpp.o -c /home/ecence/Documents/C++/2DSur/src/main.cpp
/usr/bin/cmake -E cmake_echo_color --switch= --green --progress-dir=/home/ecence/Documents/C++/2DSur/CMakeFiles --progress-num=3 "Building CXX object CMakeFiles/2DSur.dir/src/MainWindow.cpp.o"
/usr/bin/c++  -DQT_CORE_LIB -DQT_GUI_LIB -DQT_NO_DEBUG -DQT_WIDGETS_LIB -I/home/ecence/Documents/C++/2DSur/2DSur_autogen/include -I/home/ecence/Documents/C++/2DSur/headers -isystem /usr/include/x86_64-linux-gnu/qt5 -isystem /usr/include/x86_64-linux-gnu/qt5/QtCore -isystem /usr/lib/x86_64-linux-gnu/qt5/mkspecs/linux-g++ -isystem /usr/include/x86_64-linux-gnu/qt5/QtWidgets -isystem /usr/include/x86_64-linux-gnu/qt5/QtGui  -fPIC -o CMakeFiles/2DSur.dir/src/MainWindow.cpp.o -c /home/ecence/Documents/C++/2DSur/src/MainWindow.cpp
/usr/bin/cmake -E cmake_echo_color --switch= --green --progress-dir=/home/ecence/Documents/C++/2DSur/CMakeFiles --progress-num=4 "Building CXX object CMakeFiles/2DSur.dir/src/game/Chunk.cpp.o"
/usr/bin/c++  -DQT_CORE_LIB -DQT_GUI_LIB -DQT_NO_DEBUG -DQT_WIDGETS_LIB -I/home/ecence/Documents/C++/2DSur/2DSur_autogen/include -I/home/ecence/Documents/C++/2DSur/headers -isystem /usr/include/x86_64-linux-gnu/qt5 -isystem /usr/include/x86_64-linux-gnu/qt5/QtCore -isystem /usr/lib/x86_64-linux-gnu/qt5/mkspecs/linux-g++ -isystem /usr/include/x86_64-linux-gnu/qt5/QtWidgets -isystem /usr/include/x86_64-linux-gnu/qt5/QtGui  -fPIC -o CMakeFiles/2DSur.dir/src/game/Chunk.cpp.o -c /home/ecence/Documents/C++/2DSur/src/game/Chunk.cpp
/usr/bin/cmake -E cmake_echo_color --switch= --green --progress-dir=/home/ecence/Documents/C++/2DSur/CMakeFiles --progress-num=5 "Building CXX object CMakeFiles/2DSur.dir/src/game/CoreGameObject.cpp.o"
/usr/bin/c++  -DQT_CORE_LIB -DQT_GUI_LIB -DQT_NO_DEBUG -DQT_WIDGETS_LIB -I/home/ecence/Documents/C++/2DSur/2DSur_autogen/include -I/home/ecence/Documents/C++/2DSur/headers -isystem /usr/include/x86_64-linux-gnu/qt5 -isystem /usr/include/x86_64-linux-gnu/qt5/QtCore -isystem /usr/lib/x86_64-linux-gnu/qt5/mkspecs/linux-g++ -isystem /usr/include/x86_64-linux-gnu/qt5/QtWidgets -isystem /usr/include/x86_64-linux-gnu/qt5/QtGui  -fPIC -o CMakeFiles/2DSur.dir/src/game/CoreGameObject.cpp.o -c /home/ecence/Documents/C++/2DSur/src/game/CoreGameObject.cpp
/usr/bin/cmake -E cmake_echo_color --switch= --green --progress-dir=/home/ecence/Documents/C++/2DSur/CMakeFiles --progress-num=6 "Building CXX object CMakeFiles/2DSur.dir/src/game/Enviroment.cpp.o"
/usr/bin/c++  -DQT_CORE_LIB -DQT_GUI_LIB -DQT_NO_DEBUG -DQT_WIDGETS_LIB -I/home/ecence/Documents/C++/2DSur/2DSur_autogen/include -I/home/ecence/Documents/C++/2DSur/headers -isystem /usr/include/x86_64-linux-gnu/qt5 -isystem /usr/include/x86_64-linux-gnu/qt5/QtCore -isystem /usr/lib/x86_64-linux-gnu/qt5/mkspecs/linux-g++ -isystem /usr/include/x86_64-linux-gnu/qt5/QtWidgets -isystem /usr/include/x86_64-linux-gnu/qt5/QtGui  -fPIC -o CMakeFiles/2DSur.dir/src/game/Enviroment.cpp.o -c /home/ecence/Documents/C++/2DSur/src/game/Enviroment.cpp
/usr/bin/cmake -E cmake_echo_color --switch= --green --progress-dir=/home/ecence/Documents/C++/2DSur/CMakeFiles --progress-num=7 "Building CXX object CMakeFiles/2DSur.dir/src/game/GameCore.cpp.o"
/usr/bin/c++  -DQT_CORE_LIB -DQT_GUI_LIB -DQT_NO_DEBUG -DQT_WIDGETS_LIB -I/home/ecence/Documents/C++/2DSur/2DSur_autogen/include -I/home/ecence/Documents/C++/2DSur/headers -isystem /usr/include/x86_64-linux-gnu/qt5 -isystem /usr/include/x86_64-linux-gnu/qt5/QtCore -isystem /usr/lib/x86_64-linux-gnu/qt5/mkspecs/linux-g++ -isystem /usr/include/x86_64-linux-gnu/qt5/QtWidgets -isystem /usr/include/x86_64-linux-gnu/qt5/QtGui  -fPIC -o CMakeFiles/2DSur.dir/src/game/GameCore.cpp.o -c /home/ecence/Documents/C++/2DSur/src/game/GameCore.cpp
/usr/bin/cmake -E cmake_echo_color --switch= --green --progress-dir=/home/ecence/Documents/C++/2DSur/CMakeFiles --progress-num=8 "Building CXX object CMakeFiles/2DSur.dir/src/game/Player.cpp.o"
/usr/bin/c++  -DQT_CORE_LIB -DQT_GUI_LIB -DQT_NO_DEBUG -DQT_WIDGETS_LIB -I/home/ecence/Documents/C++/2DSur/2DSur_autogen/include -I/home/ecence/Documents/C++/2DSur/headers -isystem /usr/include/x86_64-linux-gnu/qt5 -isystem /usr/include/x86_64-linux-gnu/qt5/QtCore -isystem /usr/lib/x86_64-linux-gnu/qt5/mkspecs/linux-g++ -isystem /usr/include/x86_64-linux-gnu/qt5/QtWidgets -isystem /usr/include/x86_64-linux-gnu/qt5/QtGui  -fPIC -o CMakeFiles/2DSur.dir/src/game/Player.cpp.o -c /home/ecence/Documents/C++/2DSur/src/game/Player.cpp
/usr/bin/cmake -E cmake_echo_color --switch= --green --progress-dir=/home/ecence/Documents/C++/2DSur/CMakeFiles --progress-num=9 "Building CXX object CMakeFiles/2DSur.dir/src/utils/Spritesheet.cpp.o"
/usr/bin/c++  -DQT_CORE_LIB -DQT_GUI_LIB -DQT_NO_DEBUG -DQT_WIDGETS_LIB -I/home/ecence/Documents/C++/2DSur/2DSur_autogen/include -I/home/ecence/Documents/C++/2DSur/headers -isystem /usr/include/x86_64-linux-gnu/qt5 -isystem /usr/include/x86_64-linux-gnu/qt5/QtCore -isystem /usr/lib/x86_64-linux-gnu/qt5/mkspecs/linux-g++ -isystem /usr/include/x86_64-linux-gnu/qt5/QtWidgets -isystem /usr/include/x86_64-linux-gnu/qt5/QtGui  -fPIC -o CMakeFiles/2DSur.dir/src/utils/Spritesheet.cpp.o -c /home/ecence/Documents/C++/2DSur/src/utils/Spritesheet.cpp
/usr/bin/cmake -E cmake_echo_color --switch= --green --bold --progress-dir=/home/ecence/Documents/C++/2DSur/CMakeFiles --progress-num=10 "Linking CXX executable 2DSur"
/usr/bin/cmake -E cmake_link_script CMakeFiles/2DSur.dir/link.txt --verbose=
make[2]: Leaving directory '/home/ecence/Documents/C++/2DSur'
/usr/bin/cmake -E cmake_echo_color --switch= --progress-dir=/home/ecence/Documents/C++/2DSur/CMakeFiles --progress-num=1,2,3,4,5,6,7,8,9,10 "Built target 2DSur"
make[1]: Leaving directory '/home/ecence/Documents/C++/2DSur'
/usr/bin/cmake -E cmake_progress_start /home/ecence/Documents/C++/2DSur/CMakeFiles 0
make: Leaving directory '/home/ecence/Documents/C++/2DSur'
 
