make all --print-data-base --no-builtin-variables --no-builtin-rules --question
# GNU Make 4.2.1
# Built for x86_64-pc-linux-gnu
# Copyright (C) 1988-2016 Free Software Foundation, Inc.
# License GPLv3+: GNU GPL version 3 or later <http://gnu.org/licenses/gpl.html>
# This is free software: you are free to change and redistribute it.
# There is NO WARRANTY, to the extent permitted by law.

# Make data base, printed on Sun Jul 31 14:06:21 2022

# Variables

# automatic
<D = $(patsubst %/,%,$(dir $<))
# automatic
?F = $(notdir $?)
# environment
DESKTOP_SESSION = cinnamon
# default
.SHELLFLAGS := -c
# environment
XDG_SESSION_CLASS = user
# environment
XDG_SESSION_TYPE = x11
# environment
GTK3_MODULES = xapp-gtk3-module
# automatic
?D = $(patsubst %/,%,$(dir $?))
# automatic
@D = $(patsubst %/,%,$(dir $@))
# environment
XAUTHORITY = /home/ecence/.Xauthority
# environment
GDMSESSION = cinnamon
# default
MAKE_VERSION := 4.2.1
# makefile
CURDIR := /home/ecence/Documents/C++/2DSur
# makefile (from 'Makefile', line 39)
SHELL = /bin/sh
# makefile (from 'Makefile', line 45)
RM = /usr/bin/cmake -E remove -f
# environment
GDM_LANG = en_US
# environment
VSCODE_NLS_CONFIG = {"locale":"en-us","availableLanguages":{},"_languagePackSupport":true}
# environment
_ = /usr/share/code/code
# environment
XDG_CONFIG_DIRS = /etc/xdg/xdg-cinnamon:/etc/xdg
# makefile (from 'Makefile', line 54)
CMAKE_BINARY_DIR = /home/ecence/Documents/C++/2DSur
# environment
GTK_OVERLAY_SCROLLING = 1
# makefile (from 'Makefile', line 1)
MAKEFILE_LIST :=  Makefile
# automatic
@F = $(notdir $@)
# environment
GIO_LAUNCHED_DESKTOP_FILE = /usr/share/applications/code.desktop
# 'override' directive
GNUMAKEFLAGS := 
# environment
MANDATORY_PATH = /usr/share/gconf/cinnamon.mandatory.path
# environment
XDG_DATA_DIRS = /usr/share/cinnamon:/usr/share/gnome:/home/ecence/.local/share/flatpak/exports/share:/var/lib/flatpak/exports/share:/usr/local/share:/usr/share
# environment
DBUS_SESSION_BUS_ADDRESS = unix:path=/run/user/1000/bus
# environment
LESSOPEN = | /usr/bin/lesspipe %s
# environment
VSCODE_CWD = /home/ecence
# environment
XDG_SESSION_PATH = /org/freedesktop/DisplayManager/Session0
# default
MAKE_HOST := x86_64-pc-linux-gnu
# environment
PATH = /usr/local/sbin:/usr/local/bin:/usr/sbin:/usr/bin:/sbin:/bin:/usr/games:/usr/local/games:/snap/bin
# environment
GPG_AGENT_INFO = /run/user/1000/gnupg/S.gpg-agent:0:1
# environment
SESSION_MANAGER = local/ecence-vivobook:@/tmp/.ICE-unix/1274,unix/ecence-vivobook:/tmp/.ICE-unix/1274
# environment
XDG_RUNTIME_DIR = /run/user/1000
# environment
ELECTRON_RUN_AS_NODE = 1
# default
.FEATURES := target-specific order-only second-expansion else-if shortest-stem undefine oneshell archives jobserver output-sync check-symlink load
# environment
XDG_GREETER_DATA_DIR = /var/lib/lightdm-data/ecence
# environment
LS_COLORS = 
# environment
XDG_SESSION_DESKTOP = cinnamon
# environment
SSH_AUTH_SOCK = /run/user/1000/keyring/ssh
# environment
GIO_LAUNCHED_DESKTOP_FILE_PID = 66614
# automatic
%F = $(notdir $%)
# environment
DISPLAY = :0
# environment
PWD = /home/ecence/Documents/C++/2DSur
# environment
QT_QPA_PLATFORMTHEME = qt5ct
# default
.LOADED := 
# environment
XDG_SEAT = seat0
# environment
SSH_AGENT_PID = 1346
# environment
ORIGINAL_XDG_CURRENT_DESKTOP = X-Cinnamon
# environment
GTK_MODULES = gail:atk-bridge
# environment
VSCODE_AMD_ENTRYPOINT = vs/workbench/api/node/extensionHostProcess
# environment
HOME = /home/ecence
# environment
LESSCLOSE = /usr/bin/lesspipe %s %s
# environment
VSCODE_CODE_CACHE_PATH = /home/ecence/.config/Code/CachedData/3b889b090b5ad5793f524b5d1d39fda662b96a2a
# environment
LOGNAME = ecence
# environment
APPLICATION_INSIGHTS_NO_DIAGNOSTIC_CHANNEL = true
# makefile (from 'Makefile', line 48)
EQUALS = =
# environment
VSCODE_HANDLES_UNCAUGHT_ERRORS = true
# environment
GNOME_DESKTOP_SESSION_ID = this-is-deprecated
# automatic
^D = $(patsubst %/,%,$(dir $^))
# environment
XDG_VTNR = 7
# environment
MAKELEVEL := 0
# default
MAKE = $(MAKE_COMMAND)
# default
MAKECMDGOALS := all
# environment
SHLVL = 0
# environment
XDG_SESSION_ID = c2
# environment
USER = ecence
# makefile
.DEFAULT_GOAL := default_target
# environment
XDG_CURRENT_DESKTOP = X-Cinnamon
# makefile (from 'Makefile', line 51)
CMAKE_SOURCE_DIR = /home/ecence/Documents/C++/2DSur
# automatic
%D = $(patsubst %/,%,$(dir $%))
# default
MAKE_COMMAND := make
# default
.VARIABLES := 
# automatic
*F = $(notdir $*)
# environment
LANGUAGE = en_US
# environment
XDG_SEAT_PATH = /org/freedesktop/DisplayManager/Seat0
# environment
VSCODE_IPC_HOOK = /run/user/1000/vscode-2b510d07-1.69.2-main.sock
# makefile
MAKEFLAGS = pqrRs
# environment
MFLAGS = -pqrRs
# automatic
*D = $(patsubst %/,%,$(dir $*))
# automatic
+D = $(patsubst %/,%,$(dir $+))
# environment
GDK_BACKEND = x11
# automatic
+F = $(notdir $+)
# environment
CINNAMON_VERSION = 5.2.7
# environment
QT_ACCESSIBILITY = 1
# environment
DEFAULTS_PATH = /usr/share/gconf/cinnamon.default.path
# default
MAKEFILES := 
# automatic
<F = $(notdir $<)
# environment
LC_ALL = C
# environment
GJS_DEBUG_TOPICS = JS ERROR;JS LOG
# makefile (from 'Makefile', line 42)
CMAKE_COMMAND = /usr/bin/cmake
# automatic
^F = $(notdir $^)
# makefile (from 'Makefile', line 21)
SUFFIXES = 
# environment
CHROME_DESKTOP = code-url-handler.desktop
# default
.INCLUDE_DIRS = /usr/include /usr/local/include /usr/include
# environment
GJS_DEBUG_OUTPUT = stderr
# default
.RECIPEPREFIX := 
# environment
LANG = C
# environment
VSCODE_PID = 66614
# variable set hash-table stats:
# Load=101/1024=10%, Rehash=0, Collisions=8/135=6%

# Pattern-specific Variable Values

# No pattern-specific variable values.

# Directories

# . (device 66310, inode 1184661): 23 files, no impossibilities.

# 23 files, no impossibilities in 1 directories.

# Implicit Rules

%.hpux_make_needs_suffix_list:

# 1 implicit rules, 0 (0.0%) terminal.

# Files

cmake_force:
#  Phony target (prerequisite of .PHONY).
#  Implicit rule search has not been done.
#  File does not exist.
#  File has not been updated.

test/fast: test
#  Phony target (prerequisite of .PHONY).
#  Implicit rule search has not been done.
#  File does not exist.
#  File has not been updated.

NightlyBuild/fast:
#  Phony target (prerequisite of .PHONY).
#  Implicit rule search has not been done.
#  File does not exist.
#  File has not been updated.
#  recipe to execute (from 'Makefile', line 403):
	$(MAKE) -f CMakeFiles/NightlyBuild.dir/build.make CMakeFiles/NightlyBuild.dir/build

Continuous: cmake_check_build_system
#  Phony target (prerequisite of .PHONY).
#  Implicit rule search has not been done.
#  File does not exist.
#  File has not been updated.
#  recipe to execute (from 'Makefile', line 333):
	$(MAKE) -f CMakeFiles/Makefile2 Continuous

ContinuousBuild/fast:
#  Phony target (prerequisite of .PHONY).
#  Implicit rule search has not been done.
#  File does not exist.
#  File has not been updated.
#  recipe to execute (from 'Makefile', line 195):
	$(MAKE) -f CMakeFiles/ContinuousBuild.dir/build.make CMakeFiles/ContinuousBuild.dir/build

edit_cache:
#  Phony target (prerequisite of .PHONY).
#  Implicit rule search has not been done.
#  File does not exist.
#  File has not been updated.
#  recipe to execute (from 'Makefile', line 94):
	@$(CMAKE_COMMAND) -E cmake_echo_color --switch=$(COLOR) --cyan "No interactive CMake dialog available..."
	/usr/bin/cmake -E echo No\ interactive\ CMake\ dialog\ available.

package/fast: package
 
#  Phony target (prerequisite of .PHONY).
#  Implicit rule search has not been done.
#  File does not exist.
#  File has not been updated.

ExperimentalBuild/fast:
#  Phony target (prerequisite of .PHONY).
#  Implicit rule search has not been done.
#  File does not exist.
#  File has not been updated.
#  recipe to execute (from 'Makefile', line 416):
	$(MAKE) -f CMakeFiles/ExperimentalBuild.dir/build.make CMakeFiles/ExperimentalBuild.dir/build

src/game/GameCore.i: src/game/GameCore.cpp.i
#  Phony target (prerequisite of .PHONY).
#  Implicit rule search has not been done.
#  File does not exist.
#  File has not been updated.

all: cmake_check_build_system
#  Phony target (prerequisite of .PHONY).
#  Command line target.
#  Implicit rule search has not been done.
#  File does not exist.
#  File has been updated.
#  Needs to be updated (-q is set).
# variable set hash-table stats:
# Load=0/32=0%, Rehash=0, Collisions=0/6=0%
#  recipe to execute (from 'Makefile', line 116):
	$(CMAKE_COMMAND) -E cmake_progress_start /home/ecence/Documents/C++/2DSur/CMakeFiles /home/ecence/Documents/C++/2DSur/CMakeFiles/progress.marks
	$(MAKE) -f CMakeFiles/Makefile2 all
	$(CMAKE_COMMAND) -E cmake_progress_start /home/ecence/Documents/C++/2DSur/CMakeFiles 0

ContinuousUpdate/fast:
#  Phony target (prerequisite of .PHONY).
#  Implicit rule search has not been done.
#  File does not exist.
#  File has not been updated.
#  recipe to execute (from 'Makefile', line 247):
	$(MAKE) -f CMakeFiles/ContinuousUpdate.dir/build.make CMakeFiles/ContinuousUpdate.dir/build

ContinuousCoverage: cmake_check_build_system
#  Phony target (prerequisite of .PHONY).
#  Implicit rule search has not been done.
#  File does not exist.
#  File has not been updated.
#  recipe to execute (from 'Makefile', line 307):
	$(MAKE) -f CMakeFiles/Makefile2 ContinuousCoverage

NightlyCoverage: cmake_check_build_system
#  Phony target (prerequisite of .PHONY).
#  Implicit rule search has not been done.
#  File does not exist.
#  File has not been updated.
#  recipe to execute (from 'Makefile', line 372):
	$(MAKE) -f CMakeFiles/Makefile2 NightlyCoverage

.PHONY: default_target cmake_force rebuild_cache rebuild_cache/fast test test/fast package_source package_source/fast edit_cache edit_cache/fast package package/fast all clean clean/fast preinstall preinstall/fast depend NightlyMemCheck NightlyMemCheck/fast NightlyTest NightlyTest/fast ContinuousConfigure ContinuousConfigure/fast ContinuousBuild ContinuousBuild/fast NightlyConfigure NightlyConfigure/fast NightlyMemoryCheck NightlyMemoryCheck/fast ExperimentalTest ExperimentalTest/fast ContinuousUpdate ContinuousUpdate/fast NightlyUpdate NightlyUpdate/fast ExperimentalMemCheck ExperimentalMemCheck/fast ExperimentalSubmit ExperimentalSubmit/fast Experimental Experimental/fast ContinuousCoverage ContinuousCoverage/fast ExperimentalConfigure ExperimentalConfigure/fast Continuous Continuous/fast Nightly Nightly/fast NightlySubmit NightlySubmit/fast NightlyCoverage NightlyCoverage/fast ExperimentalStart ExperimentalStart/fast NightlyBuild NightlyBuild/fast ExperimentalBuild ExperimentalBuild/fast ExperimentalUpdate ExperimentalUpdate/fast ContinuousStart ContinuousStart/fast ContinuousMemCheck ContinuousMemCheck/fast ContinuousTest ContinuousTest/fast ContinuousSubmit ContinuousSubmit/fast NightlyStart NightlyStart/fast ExperimentalCoverage ExperimentalCoverage/fast 2DSur 2DSur/fast 2DSur_autogen 2DSur_autogen/fast 2DSur_autogen/mocs_compilation.o 2DSur_autogen/mocs_compilation.cpp.o 2DSur_autogen/mocs_compilation.i 2DSur_autogen/mocs_compilation.cpp.i 2DSur_autogen/mocs_compilation.s 2DSur_autogen/mocs_compilation.cpp.s src/MainWindow.o src/MainWindow.cpp.o src/MainWindow.i src/MainWindow.cpp.i src/MainWindow.s src/MainWindow.cpp.s src/game/Chunk.o src/game/Chunk.cpp.o src/game/Chunk.i src/game/Chunk.cpp.i src/game/Chunk.s src/game/Chunk.cpp.s src/game/CoreGameObject.o src/game/CoreGameObject.cpp.o src/game/CoreGameObject.i src/game/CoreGameObject.cpp.i src/game/CoreGameObject.s src/game/CoreGameObject.cpp.s src/game/Enviroment.o src/game/Enviroment.cpp.o src/game/Enviroment.i src/game/Enviroment.cpp.i src/game/Enviroment.s src/game/Enviroment.cpp.s src/game/GameCore.o src/game/GameCore.cpp.o src/game/GameCore.i src/game/GameCore.cpp.i src/game/GameCore.s src/game/GameCore.cpp.s src/game/Player.o src/game/Player.cpp.o src/game/Player.i src/game/Player.cpp.i src/game/Player.s src/game/Player.cpp.s src/main.o src/main.cpp.o src/main.i src/main.cpp.i src/main.s src/main.cpp.s src/utils/Spritesheet.o src/utils/Spritesheet.cpp.o src/utils/Spritesheet.i src/utils/Spritesheet.cpp.i src/utils/Spritesheet.s src/utils/Spritesheet.cpp.s help cmake_check_build_system
#  Implicit rule search has not been done.
#  Modification time never checked.
#  File has not been updated.

src/game/GameCore.o: src/game/GameCore.cpp.o
#  Phony target (prerequisite of .PHONY).
#  Implicit rule search has not been done.
#  File does not exist.
#  File has not been updated.

ExperimentalCoverage: cmake_check_build_system
#  Phony target (prerequisite of .PHONY).
#  Implicit rule search has not been done.
#  File does not exist.
#  File has not been updated.
#  recipe to execute (from 'Makefile', line 502):
	$(MAKE) -f CMakeFiles/Makefile2 ExperimentalCoverage

src/main.cpp.s:
#  Phony target (prerequisite of .PHONY).
#  Implicit rule search has not been done.
#  File does not exist.
#  File has not been updated.
#  recipe to execute (from 'Makefile', line 749):
	$(MAKE) -f CMakeFiles/2DSur.dir/build.make CMakeFiles/2DSur.dir/src/main.cpp.s

src/main.i: src/main.cpp.i
#  Phony target (prerequisite of .PHONY).
#  Implicit rule search has not been done.
#  File does not exist.
#  File has not been updated.

src/main.o: src/main.cpp.o
#  Phony target (prerequisite of .PHONY).
#  Implicit rule search has not been done.
#  File does not exist.
#  File has not been updated.

2DSur/fast:
#  Phony target (prerequisite of .PHONY).
#  Implicit rule search has not been done.
#  File does not exist.
#  File has not been updated.
#  recipe to execute (from 'Makefile', line 520):
	$(MAKE) -f CMakeFiles/2DSur.dir/build.make CMakeFiles/2DSur.dir/build

src/game/Enviroment.s: src/game/Enviroment.cpp.s
#  Phony target (prerequisite of .PHONY).
#  Implicit rule search has not been done.
#  File does not exist.
#  File has not been updated.

NightlyMemoryCheck: cmake_check_build_system
#  Phony target (prerequisite of .PHONY).
#  Implicit rule search has not been done.
#  File does not exist.
#  File has not been updated.
#  recipe to execute (from 'Makefile', line 216):
	$(MAKE) -f CMakeFiles/Makefile2 NightlyMemoryCheck

preinstall/fast:
#  Phony target (prerequisite of .PHONY).
#  Implicit rule search has not been done.
#  File does not exist.
#  File has not been updated.
#  recipe to execute (from 'Makefile', line 138):
	$(MAKE) -f CMakeFiles/Makefile2 preinstall

2DSur_autogen/mocs_compilation.s: 2DSur_autogen/mocs_compilation.cpp.s
#  Phony target (prerequisite of .PHONY).
#  Implicit rule search has not been done.
#  File does not exist.
#  File has not been updated.

src/utils/Spritesheet.cpp.s:
#  Phony target (prerequisite of .PHONY).
#  Implicit rule search has not been done.
#  File does not exist.
#  File has not been updated.
#  recipe to execute (from 'Makefile', line 776):
	$(MAKE) -f CMakeFiles/2DSur.dir/build.make CMakeFiles/2DSur.dir/src/utils/Spritesheet.cpp.s

src/game/Chunk.cpp.s:
#  Phony target (prerequisite of .PHONY).
#  Implicit rule search has not been done.
#  File does not exist.
#  File has not been updated.
#  recipe to execute (from 'Makefile', line 614):
	$(MAKE) -f CMakeFiles/2DSur.dir/build.make CMakeFiles/2DSur.dir/src/game/Chunk.cpp.s

ContinuousStart: cmake_check_build_system
#  Phony target (prerequisite of .PHONY).
#  Implicit rule search has not been done.
#  File does not exist.
#  File has not been updated.
#  recipe to execute (from 'Makefile', line 437):
	$(MAKE) -f CMakeFiles/Makefile2 ContinuousStart

NightlyStart: cmake_check_build_system
#  Phony target (prerequisite of .PHONY).
#  Implicit rule search has not been done.
#  File does not exist.
#  File has not been updated.
#  recipe to execute (from 'Makefile', line 489):
	$(MAKE) -f CMakeFiles/Makefile2 NightlyStart

ExperimentalStart: cmake_check_build_system
#  Phony target (prerequisite of .PHONY).
#  Implicit rule search has not been done.
#  File does not exist.
#  File has not been updated.
#  recipe to execute (from 'Makefile', line 385):
	$(MAKE) -f CMakeFiles/Makefile2 ExperimentalStart

NightlyUpdate/fast:
#  Phony target (prerequisite of .PHONY).
#  Implicit rule search has not been done.
#  File does not exist.
#  File has not been updated.
#  recipe to execute (from 'Makefile', line 260):
	$(MAKE) -f CMakeFiles/NightlyUpdate.dir/build.make CMakeFiles/NightlyUpdate.dir/build

ExperimentalUpdate: cmake_check_build_system
#  Phony target (prerequisite of .PHONY).
#  Implicit rule search has not been done.
#  File does not exist.
#  File has not been updated.
#  recipe to execute (from 'Makefile', line 424):
	$(MAKE) -f CMakeFiles/Makefile2 ExperimentalUpdate

src/utils/Spritesheet.i: src/utils/Spritesheet.cpp.i
#  Phony target (prerequisite of .PHONY).
#  Implicit rule search has not been done.
#  File does not exist.
#  File has not been updated.

.SUFFIXES: .hpux_make_needs_suffix_list
#  Implicit rule search has not been done.
#  Modification time never checked.
#  File has not been updated.

src/utils/Spritesheet.o: src/utils/Spritesheet.cpp.o
#  Phony target (prerequisite of .PHONY).
#  Implicit rule search has not been done.
#  File does not exist.
#  File has not been updated.

# Not a target:
Makefile:
#  Implicit rule search has been done.
#  Last modified 2022-07-31 13:36:54.788682305
#  File has been updated.
#  Successfully updated.

src/game/Chunk.i: src/game/Chunk.cpp.i
#  Phony target (prerequisite of .PHONY).
#  Implicit rule search has not been done.
#  File does not exist.
#  File has not been updated.

src/game/Chunk.o: src/game/Chunk.cpp.o
#  Phony target (prerequisite of .PHONY).
#  Implicit rule search has not been done.
#  File does not exist.
#  File has not been updated.

Nightly/fast:
#  Phony target (prerequisite of .PHONY).
#  Implicit rule search has not been done.
#  File does not exist.
#  File has not been updated.
#  recipe to execute (from 'Makefile', line 351):
	$(MAKE) -f CMakeFiles/Nightly.dir/build.make CMakeFiles/Nightly.dir/build

src/MainWindow.s: src/MainWindow.cpp.s
#  Phony target (prerequisite of .PHONY).
#  Implicit rule search has not been done.
#  File does not exist.
#  File has not been updated.

2DSur_autogen/fast:
#  Phony target (prerequisite of .PHONY).
#  Implicit rule search has not been done.
#  File does not exist.
#  File has not been updated.
#  recipe to execute (from 'Makefile', line 533):
	$(MAKE) -f CMakeFiles/2DSur_autogen.dir/build.make CMakeFiles/2DSur_autogen.dir/build

ExperimentalTest/fast:
#  Phony target (prerequisite of .PHONY).
#  Implicit rule search has not been done.
#  File does not exist.
#  File has not been updated.
#  recipe to execute (from 'Makefile', line 234):
	$(MAKE) -f CMakeFiles/ExperimentalTest.dir/build.make CMakeFiles/ExperimentalTest.dir/build

NightlyBuild: cmake_check_build_system
#  Phony target (prerequisite of .PHONY).
#  Implicit rule search has not been done.
#  File does not exist.
#  File has not been updated.
#  recipe to execute (from 'Makefile', line 398):
	$(MAKE) -f CMakeFiles/Makefile2 NightlyBuild

test:
#  Phony target (prerequisite of .PHONY).
#  Implicit rule search has not been done.
#  File does not exist.
#  File has not been updated.
#  recipe to execute (from 'Makefile', line 72):
	@$(CMAKE_COMMAND) -E cmake_echo_color --switch=$(COLOR) --cyan "Running tests..."
	/usr/bin/ctest --force-new-ctest-process $(ARGS)

package_source:
#  Phony target (prerequisite of .PHONY).
 
#  Implicit rule search has not been done.
#  File does not exist.
#  File has not been updated.
#  recipe to execute (from 'Makefile', line 83):
	@$(CMAKE_COMMAND) -E cmake_echo_color --switch=$(COLOR) --cyan "Run CPack packaging tool for source..."
	/usr/bin/cpack --config ./CPackSourceConfig.cmake /home/ecence/Documents/C++/2DSur/CPackSourceConfig.cmake

.NOTPARALLEL:
#  Implicit rule search has not been done.
#  Modification time never checked.
#  File has not been updated.

Continuous/fast:
#  Phony target (prerequisite of .PHONY).
#  Implicit rule search has not been done.
#  File does not exist.
#  File has not been updated.
#  recipe to execute (from 'Makefile', line 338):
	$(MAKE) -f CMakeFiles/Continuous.dir/build.make CMakeFiles/Continuous.dir/build

src/game/CoreGameObject.cpp.s:
#  Phony target (prerequisite of .PHONY).
#  Implicit rule search has not been done.
#  File does not exist.
#  File has not been updated.
#  recipe to execute (from 'Makefile', line 641):
	$(MAKE) -f CMakeFiles/2DSur.dir/build.make CMakeFiles/2DSur.dir/src/game/CoreGameObject.cpp.s

NightlyMemCheck/fast:
#  Phony target (prerequisite of .PHONY).
#  Implicit rule search has not been done.
#  File does not exist.
#  File has not been updated.
#  recipe to execute (from 'Makefile', line 156):
	$(MAKE) -f CMakeFiles/NightlyMemCheck.dir/build.make CMakeFiles/NightlyMemCheck.dir/build

src/game/Enviroment.cpp.i:
#  Phony target (prerequisite of .PHONY).
#  Implicit rule search has not been done.
#  File does not exist.
#  File has not been updated.
#  recipe to execute (from 'Makefile', line 659):
	$(MAKE) -f CMakeFiles/2DSur.dir/build.make CMakeFiles/2DSur.dir/src/game/Enviroment.cpp.i

src/game/Enviroment.cpp.o:
#  Phony target (prerequisite of .PHONY).
#  Implicit rule search has not been done.
#  File does not exist.
#  File has not been updated.
#  recipe to execute (from 'Makefile', line 650):
	$(MAKE) -f CMakeFiles/2DSur.dir/build.make CMakeFiles/2DSur.dir/src/game/Enviroment.cpp.o

clean/fast: clean
#  Phony target (prerequisite of .PHONY).
#  Implicit rule search has not been done.
#  File does not exist.
#  File has not been updated.

ExperimentalBuild: cmake_check_build_system
#  Phony target (prerequisite of .PHONY).
#  Implicit rule search has not been done.
#  File does not exist.
#  File has not been updated.
#  recipe to execute (from 'Makefile', line 411):
	$(MAKE) -f CMakeFiles/Makefile2 ExperimentalBuild

2DSur_autogen/mocs_compilation.cpp.i:
#  Phony target (prerequisite of .PHONY).
#  Implicit rule search has not been done.
#  File does not exist.
#  File has not been updated.
#  recipe to execute (from 'Makefile', line 551):
	$(MAKE) -f CMakeFiles/2DSur.dir/build.make CMakeFiles/2DSur.dir/2DSur_autogen/mocs_compilation.cpp.i

ContinuousMemCheck/fast:
#  Phony target (prerequisite of .PHONY).
#  Implicit rule search has not been done.
#  File does not exist.
#  File has not been updated.
#  recipe to execute (from 'Makefile', line 455):
	$(MAKE) -f CMakeFiles/ContinuousMemCheck.dir/build.make CMakeFiles/ContinuousMemCheck.dir/build

2DSur_autogen/mocs_compilation.cpp.o:
#  Phony target (prerequisite of .PHONY).
#  Implicit rule search has not been done.
#  File does not exist.
#  File has not been updated.
#  recipe to execute (from 'Makefile', line 542):
	$(MAKE) -f CMakeFiles/2DSur.dir/build.make CMakeFiles/2DSur.dir/2DSur_autogen/mocs_compilation.cpp.o

ContinuousUpdate: cmake_check_build_system
#  Phony target (prerequisite of .PHONY).
#  Implicit rule search has not been done.
#  File does not exist.
#  File has not been updated.
#  recipe to execute (from 'Makefile', line 242):
	$(MAKE) -f CMakeFiles/Makefile2 ContinuousUpdate

NightlyTest/fast:
#  Phony target (prerequisite of .PHONY).
#  Implicit rule search has not been done.
#  File does not exist.
#  File has not been updated.
#  recipe to execute (from 'Makefile', line 169):
	$(MAKE) -f CMakeFiles/NightlyTest.dir/build.make CMakeFiles/NightlyTest.dir/build

src/game/CoreGameObject.i: src/game/CoreGameObject.cpp.i
#  Phony target (prerequisite of .PHONY).
#  Implicit rule search has not been done.
#  File does not exist.
#  File has not been updated.

Experimental/fast:
#  Phony target (prerequisite of .PHONY).
#  Implicit rule search has not been done.
#  File does not exist.
#  File has not been updated.
#  recipe to execute (from 'Makefile', line 299):
	$(MAKE) -f CMakeFiles/Experimental.dir/build.make CMakeFiles/Experimental.dir/build

src/game/CoreGameObject.cpp.o:
#  Phony target (prerequisite of .PHONY).
#  Implicit rule search has not been done.
#  File does not exist.
#  File has not been updated.
#  recipe to execute (from 'Makefile', line 623):
	$(MAKE) -f CMakeFiles/2DSur.dir/build.make CMakeFiles/2DSur.dir/src/game/CoreGameObject.cpp.o

src/game/CoreGameObject.o: src/game/CoreGameObject.cpp.o
#  Phony target (prerequisite of .PHONY).
#  Implicit rule search has not been done.
#  File does not exist.
#  File has not been updated.

src/game/Player.cpp.i:
#  Phony target (prerequisite of .PHONY).
#  Implicit rule search has not been done.
#  File does not exist.
#  File has not been updated.
#  recipe to execute (from 'Makefile', line 713):
	$(MAKE) -f CMakeFiles/2DSur.dir/build.make CMakeFiles/2DSur.dir/src/game/Player.cpp.i

cmake_check_build_system:
#  Phony target (prerequisite of .PHONY).
#  Implicit rule search has not been done.
#  Implicit/static pattern stem: ''
#  File does not exist.
#  File has been updated.
#  Needs to be updated (-q is set).
# automatic
# @ := cmake_check_build_system
# automatic
# % := 
# automatic
# * := 
# automatic
# + := 
# automatic
# | := 
# automatic
# < := 
# automatic
# ^ := 
# automatic
# ? := 
# variable set hash-table stats:
# Load=8/32=25%, Rehash=0, Collisions=3/14=21%
#  recipe to execute (from 'Makefile', line 858):
	$(CMAKE_COMMAND) -S$(CMAKE_SOURCE_DIR) -B$(CMAKE_BINARY_DIR) --check-build-system CMakeFiles/Makefile.cmake 0

src/game/Player.cpp.o:
#  Phony target (prerequisite of .PHONY).
#  Implicit rule search has not been done.
#  File does not exist.
#  File has not been updated.
#  recipe to execute (from 'Makefile', line 704):
	$(MAKE) -f CMakeFiles/2DSur.dir/build.make CMakeFiles/2DSur.dir/src/game/Player.cpp.o

ContinuousSubmit/fast:
#  Phony target (prerequisite of .PHONY).
#  Implicit rule search has not been done.
#  File does not exist.
#  File has not been updated.
#  recipe to execute (from 'Makefile', line 481):
	$(MAKE) -f CMakeFiles/ContinuousSubmit.dir/build.make CMakeFiles/ContinuousSubmit.dir/build

NightlySubmit/fast:
#  Phony target (prerequisite of .PHONY).
#  Implicit rule search has not been done.
#  File does not exist.
#  File has not been updated.
#  recipe to execute (from 'Makefile', line 364):
	$(MAKE) -f CMakeFiles/NightlySubmit.dir/build.make CMakeFiles/NightlySubmit.dir/build

ExperimentalSubmit/fast:
#  Phony target (prerequisite of .PHONY).
#  Implicit rule search has not been done.
#  File does not exist.
#  File has not been updated.
#  recipe to execute (from 'Makefile', line 286):
	$(MAKE) -f CMakeFiles/ExperimentalSubmit.dir/build.make CMakeFiles/ExperimentalSubmit.dir/build

ExperimentalMemCheck/fast:
#  Phony target (prerequisite of .PHONY).
#  Implicit rule search has not been done.
#  File does not exist.
#  File has not been updated.
#  recipe to execute (from 'Makefile', line 273):
	$(MAKE) -f CMakeFiles/ExperimentalMemCheck.dir/build.make CMakeFiles/ExperimentalMemCheck.dir/build

2DSur: cmake_check_build_system
#  Phony target (prerequisite of .PHONY).
#  Implicit rule search has not been done.
#  File does not exist.
#  File has not been updated.
#  recipe to execute (from 'Makefile', line 515):
	$(MAKE) -f CMakeFiles/Makefile2 2DSur

ContinuousConfigure/fast:
#  Phony target (prerequisite of .PHONY).
#  Implicit rule search has not been done.
#  File does not exist.
#  File has not been updated.
#  recipe to execute (from 'Makefile', line 182):
	$(MAKE) -f CMakeFiles/ContinuousConfigure.dir/build.make CMakeFiles/ContinuousConfigure.dir/build

preinstall: all
#  Phony target (prerequisite of .PHONY).
#  Implicit rule search has not been done.
#  File does not exist.
#  File has not been updated.
#  recipe to execute (from 'Makefile', line 133):
	$(MAKE) -f CMakeFiles/Makefile2 preinstall

src/game/GameCore.s: src/game/GameCore.cpp.s
#  Phony target (prerequisite of .PHONY).
#  Implicit rule search has not been done.
#  File does not exist.
#  File has not been updated.

ExperimentalConfigure/fast:
#  Phony target (prerequisite of .PHONY).
#  Implicit rule search has not been done.
#  File does not exist.
#  File has not been updated.
#  recipe to execute (from 'Makefile', line 325):
	$(MAKE) -f CMakeFiles/ExperimentalConfigure.dir/build.make CMakeFiles/ExperimentalConfigure.dir/build

src/MainWindow.cpp.i:
#  Phony target (prerequisite of .PHONY).
#  Implicit rule search has not been done.
#  File does not exist.
#  File has not been updated.
#  recipe to execute (from 'Makefile', line 578):
	$(MAKE) -f CMakeFiles/2DSur.dir/build.make CMakeFiles/2DSur.dir/src/MainWindow.cpp.i

src/MainWindow.cpp.o:
#  Phony target (prerequisite of .PHONY).
#  Implicit rule search has not been done.
#  File does not exist.
#  File has not been updated.
#  recipe to execute (from 'Makefile', line 569):
	$(MAKE) -f CMakeFiles/2DSur.dir/build.make CMakeFiles/2DSur.dir/src/MainWindow.cpp.o

help:
#  Phony target (prerequisite of .PHONY).
#  Implicit rule search has not been done.
#  File does not exist.
#  File has not been updated.
#  recipe to execute (from 'Makefile', line 781):
	@echo "The following are some of the valid targets for this Makefile:"
	@echo "... all (the default if no target is provided)"
	@echo "... clean"
	@echo "... depend"
	@echo "... rebuild_cache"
	@echo "... test"
	@echo "... package_source"
	@echo "... edit_cache"
 
	@echo "... NightlyMemCheck"
	@echo "... NightlyTest"
	@echo "... ContinuousConfigure"
	@echo "... ContinuousBuild"
	@echo "... NightlyConfigure"
	@echo "... NightlyMemoryCheck"
	@echo "... ExperimentalTest"
	@echo "... ContinuousUpdate"
	@echo "... NightlyUpdate"
	@echo "... ExperimentalMemCheck"
	@echo "... ExperimentalSubmit"
	@echo "... Experimental"
	@echo "... ContinuousCoverage"
	@echo "... ExperimentalConfigure"
	@echo "... Continuous"
	@echo "... Nightly"
	@echo "... NightlySubmit"
	@echo "... NightlyCoverage"
	@echo "... ExperimentalStart"
	@echo "... package"
	@echo "... NightlyBuild"
	@echo "... ExperimentalBuild"
	@echo "... ExperimentalUpdate"
	@echo "... ContinuousStart"
	@echo "... ContinuousMemCheck"
	@echo "... ContinuousTest"
	@echo "... ContinuousSubmit"
	@echo "... NightlyStart"
	@echo "... ExperimentalCoverage"
	@echo "... 2DSur"
	@echo "... 2DSur_autogen"
	@echo "... 2DSur_autogen/mocs_compilation.o"
	@echo "... 2DSur_autogen/mocs_compilation.i"
	@echo "... 2DSur_autogen/mocs_compilation.s"
	@echo "... src/MainWindow.o"
	@echo "... src/MainWindow.i"
	@echo "... src/MainWindow.s"
	@echo "... src/game/Chunk.o"
	@echo "... src/game/Chunk.i"
	@echo "... src/game/Chunk.s"
	@echo "... src/game/CoreGameObject.o"
	@echo "... src/game/CoreGameObject.i"
	@echo "... src/game/CoreGameObject.s"
	@echo "... src/game/Enviroment.o"
	@echo "... src/game/Enviroment.i"
	@echo "... src/game/Enviroment.s"
	@echo "... src/game/GameCore.o"
	@echo "... src/game/GameCore.i"
	@echo "... src/game/GameCore.s"
	@echo "... src/game/Player.o"
	@echo "... src/game/Player.i"
	@echo "... src/game/Player.s"
	@echo "... src/main.o"
	@echo "... src/main.i"
	@echo "... src/main.s"
	@echo "... src/utils/Spritesheet.o"
	@echo "... src/utils/Spritesheet.i"
	@echo "... src/utils/Spritesheet.s"

src/main.s: src/main.cpp.s
#  Phony target (prerequisite of .PHONY).
#  Implicit rule search has not been done.
#  File does not exist.
#  File has not been updated.

.SILENT:
#  Implicit rule search has not been done.
#  Modification time never checked.
#  File has not been updated.

depend:
#  Phony target (prerequisite of .PHONY).
#  Implicit rule search has not been done.
#  File does not exist.
#  File has not been updated.
#  recipe to execute (from 'Makefile', line 143):
	$(CMAKE_COMMAND) -S$(CMAKE_SOURCE_DIR) -B$(CMAKE_BINARY_DIR) --check-build-system CMakeFiles/Makefile.cmake 1

NightlyUpdate: cmake_check_build_system
#  Phony target (prerequisite of .PHONY).
#  Implicit rule search has not been done.
#  File does not exist.
#  File has not been updated.
#  recipe to execute (from 'Makefile', line 255):
	$(MAKE) -f CMakeFiles/Makefile2 NightlyUpdate

src/game/Player.s: src/game/Player.cpp.s
#  Phony target (prerequisite of .PHONY).
#  Implicit rule search has not been done.
#  File does not exist.
#  File has not been updated.

src/game/Player.o: src/game/Player.cpp.o
#  Phony target (prerequisite of .PHONY).
#  Implicit rule search has not been done.
#  File does not exist.
#  File has not been updated.

# Not a target:
.DEFAULT:
#  Implicit rule search has not been done.
#  Modification time never checked.
#  File has not been updated.

default_target: all
#  Phony target (prerequisite of .PHONY).
#  Implicit rule search has not been done.
#  File does not exist.
#  File has not been updated.

2DSur_autogen: cmake_check_build_system
#  Phony target (prerequisite of .PHONY).
#  Implicit rule search has not been done.
#  File does not exist.
#  File has not been updated.
#  recipe to execute (from 'Makefile', line 528):
	$(MAKE) -f CMakeFiles/Makefile2 2DSur_autogen

Nightly: cmake_check_build_system
#  Phony target (prerequisite of .PHONY).
#  Implicit rule search has not been done.
#  File does not exist.
#  File has not been updated.
#  recipe to execute (from 'Makefile', line 346):
	$(MAKE) -f CMakeFiles/Makefile2 Nightly

ExperimentalTest: cmake_check_build_system
#  Phony target (prerequisite of .PHONY).
#  Implicit rule search has not been done.
#  File does not exist.
#  File has not been updated.
#  recipe to execute (from 'Makefile', line 229):
	$(MAKE) -f CMakeFiles/Makefile2 ExperimentalTest

src/utils/Spritesheet.s: src/utils/Spritesheet.cpp.s
#  Phony target (prerequisite of .PHONY).
#  Implicit rule search has not been done.
#  File does not exist.
#  File has not been updated.

package: preinstall
#  Phony target (prerequisite of .PHONY).
#  Implicit rule search has not been done.
#  File does not exist.
#  File has not been updated.
#  recipe to execute (from 'Makefile', line 105):
	@$(CMAKE_COMMAND) -E cmake_echo_color --switch=$(COLOR) --cyan "Run CPack packaging tool..."
	/usr/bin/cpack --config ./CPackConfig.cmake

NightlyConfigure/fast:
#  Phony target (prerequisite of .PHONY).
#  Implicit rule search has not been done.
#  File does not exist.
#  File has not been updated.
#  recipe to execute (from 'Makefile', line 208):
	$(MAKE) -f CMakeFiles/NightlyConfigure.dir/build.make CMakeFiles/NightlyConfigure.dir/build

NightlyMemCheck: cmake_check_build_system
#  Phony target (prerequisite of .PHONY).
#  Implicit rule search has not been done.
#  File does not exist.
#  File has not been updated.
#  recipe to execute (from 'Makefile', line 151):
	$(MAKE) -f CMakeFiles/Makefile2 NightlyMemCheck

ContinuousTest: cmake_check_build_system
#  Phony target (prerequisite of .PHONY).
#  Implicit rule search has not been done.
#  File does not exist.
#  File has not been updated.
#  recipe to execute (from 'Makefile', line 463):
	$(MAKE) -f CMakeFiles/Makefile2 ContinuousTest

src/game/Chunk.s: src/game/Chunk.cpp.s
#  Phony target (prerequisite of .PHONY).
#  Implicit rule search has not been done.
#  File does not exist.
#  File has not been updated.

clean:
#  Phony target (prerequisite of .PHONY).
#  Implicit rule search has not been done.
#  File does not exist.
#  File has not been updated.
#  recipe to execute (from 'Makefile', line 123):
	$(MAKE) -f CMakeFiles/Makefile2 clean

ContinuousMemCheck: cmake_check_build_system
#  Phony target (prerequisite of .PHONY).
#  Implicit rule search has not been done.
#  File does not exist.
#  File has not been updated.
#  recipe to execute (from 'Makefile', line 450):
	$(MAKE) -f CMakeFiles/Makefile2 ContinuousMemCheck

src/game/GameCore.cpp.i:
#  Phony target (prerequisite of .PHONY).
#  Implicit rule search has not been done.
#  File does not exist.
#  File has not been updated.
#  recipe to execute (from 'Makefile', line 686):
	$(MAKE) -f CMakeFiles/2DSur.dir/build.make CMakeFiles/2DSur.dir/src/game/GameCore.cpp.i

src/game/GameCore.cpp.o:
#  Phony target (prerequisite of .PHONY).
#  Implicit rule search has not been done.
#  File does not exist.
#  File has not been updated.
#  recipe to execute (from 'Makefile', line 677):
	$(MAKE) -f CMakeFiles/2DSur.dir/build.make CMakeFiles/2DSur.dir/src/game/GameCore.cpp.o

rebuild_cache/fast: rebuild_cache
#  Phony target (prerequisite of .PHONY).
#  Implicit rule search has not been done.
#  File does not exist.
#  File has not been updated.

NightlyTest: cmake_check_build_system
#  Phony target (prerequisite of .PHONY).
#  Implicit rule search has not been done.
#  File does not exist.
#  File has not been updated.
#  recipe to execute (from 'Makefile', line 164):
	$(MAKE) -f CMakeFiles/Makefile2 NightlyTest

edit_cache/fast: edit_cache
#  Phony target (prerequisite of .PHONY).
#  Implicit rule search has not been done.
#  File does not exist.
#  File has not been updated.

Experimental: cmake_check_build_system
#  Phony target (prerequisite of .PHONY).
#  Implicit rule search has not been done.
#  File does not exist.
#  File has not been updated.
#  recipe to execute (from 'Makefile', line 294):
	$(MAKE) -f CMakeFiles/Makefile2 Experimental

src/main.cpp.i:
#  Phony target (prerequisite of .PHONY).
#  Implicit rule search has not been done.
#  File does not exist.
#  File has not been updated.
#  recipe to execute (from 'Makefile', line 740):
	$(MAKE) -f CMakeFiles/2DSur.dir/build.make CMakeFiles/2DSur.dir/src/main.cpp.i

src/main.cpp.o:
#  Phony target (prerequisite of .PHONY).
#  Implicit rule search has not been done.
#  File does not exist.
#  File has not been updated.
#  recipe to execute (from 'Makefile', line 731):
	$(MAKE) -f CMakeFiles/2DSur.dir/build.make CMakeFiles/2DSur.dir/src/main.cpp.o

src/game/Enviroment.cpp.s:
#  Phony target (prerequisite of .PHONY).
#  Implicit rule search has not been done.
#  File does not exist.
#  File has not been updated.
#  recipe to execute (from 'Makefile', line 668):
	$(MAKE) -f CMakeFiles/2DSur.dir/build.make CMakeFiles/2DSur.dir/src/game/Enviroment.cpp.s

ContinuousSubmit: cmake_check_build_system
#  Phony target (prerequisite of .PHONY).
#  Implicit rule search has not been done.
#  File does not exist.
#  File has not been updated.
#  recipe to execute (from 'Makefile', line 476):
	$(MAKE) -f CMakeFiles/Makefile2 ContinuousSubmit

NightlySubmit: cmake_check_build_system
#  Phony target (prerequisite of .PHONY).
#  Implicit rule search has not been done.
#  File does not exist.
#  File has not been updated.
#  recipe to execute (from 'Makefile', line 359):
	$(MAKE) -f CMakeFiles/Makefile2 NightlySubmit
 

2DSur_autogen/mocs_compilation.cpp.s:
#  Phony target (prerequisite of .PHONY).
#  Implicit rule search has not been done.
#  File does not exist.
#  File has not been updated.
#  recipe to execute (from 'Makefile', line 560):
	$(MAKE) -f CMakeFiles/2DSur.dir/build.make CMakeFiles/2DSur.dir/2DSur_autogen/mocs_compilation.cpp.s

ExperimentalSubmit: cmake_check_build_system
#  Phony target (prerequisite of .PHONY).
#  Implicit rule search has not been done.
#  File does not exist.
#  File has not been updated.
#  recipe to execute (from 'Makefile', line 281):
	$(MAKE) -f CMakeFiles/Makefile2 ExperimentalSubmit

ExperimentalMemCheck: cmake_check_build_system
#  Phony target (prerequisite of .PHONY).
#  Implicit rule search has not been done.
#  File does not exist.
#  File has not been updated.
#  recipe to execute (from 'Makefile', line 268):
	$(MAKE) -f CMakeFiles/Makefile2 ExperimentalMemCheck

ContinuousBuild: cmake_check_build_system
#  Phony target (prerequisite of .PHONY).
#  Implicit rule search has not been done.
#  File does not exist.
#  File has not been updated.
#  recipe to execute (from 'Makefile', line 190):
	$(MAKE) -f CMakeFiles/Makefile2 ContinuousBuild

ContinuousConfigure: cmake_check_build_system
#  Phony target (prerequisite of .PHONY).
#  Implicit rule search has not been done.
#  File does not exist.
#  File has not been updated.
#  recipe to execute (from 'Makefile', line 177):
	$(MAKE) -f CMakeFiles/Makefile2 ContinuousConfigure

NightlyConfigure: cmake_check_build_system
#  Phony target (prerequisite of .PHONY).
#  Implicit rule search has not been done.
#  File does not exist.
#  File has not been updated.
#  recipe to execute (from 'Makefile', line 203):
	$(MAKE) -f CMakeFiles/Makefile2 NightlyConfigure

src/game/CoreGameObject.s: src/game/CoreGameObject.cpp.s
#  Phony target (prerequisite of .PHONY).
#  Implicit rule search has not been done.
#  File does not exist.
#  File has not been updated.

src/game/Player.cpp.s:
#  Phony target (prerequisite of .PHONY).
#  Implicit rule search has not been done.
#  File does not exist.
#  File has not been updated.
#  recipe to execute (from 'Makefile', line 722):
	$(MAKE) -f CMakeFiles/2DSur.dir/build.make CMakeFiles/2DSur.dir/src/game/Player.cpp.s

ExperimentalConfigure: cmake_check_build_system
#  Phony target (prerequisite of .PHONY).
#  Implicit rule search has not been done.
#  File does not exist.
#  File has not been updated.
#  recipe to execute (from 'Makefile', line 320):
	$(MAKE) -f CMakeFiles/Makefile2 ExperimentalConfigure

src/game/Enviroment.i: src/game/Enviroment.cpp.i
#  Phony target (prerequisite of .PHONY).
#  Implicit rule search has not been done.
#  File does not exist.
#  File has not been updated.

src/game/Enviroment.o: src/game/Enviroment.cpp.o
#  Phony target (prerequisite of .PHONY).
#  Implicit rule search has not been done.
#  File does not exist.
#  File has not been updated.

2DSur_autogen/mocs_compilation.i: 2DSur_autogen/mocs_compilation.cpp.i
#  Phony target (prerequisite of .PHONY).
#  Implicit rule search has not been done.
#  File does not exist.
#  File has not been updated.

src/utils/Spritesheet.cpp.i:
#  Phony target (prerequisite of .PHONY).
#  Implicit rule search has not been done.
#  File does not exist.
#  File has not been updated.
#  recipe to execute (from 'Makefile', line 767):
	$(MAKE) -f CMakeFiles/2DSur.dir/build.make CMakeFiles/2DSur.dir/src/utils/Spritesheet.cpp.i

2DSur_autogen/mocs_compilation.o: 2DSur_autogen/mocs_compilation.cpp.o
#  Phony target (prerequisite of .PHONY).
#  Implicit rule search has not been done.
#  File does not exist.
#  File has not been updated.

ContinuousCoverage/fast:
#  Phony target (prerequisite of .PHONY).
#  Implicit rule search has not been done.
#  File does not exist.
#  File has not been updated.
#  recipe to execute (from 'Makefile', line 312):
	$(MAKE) -f CMakeFiles/ContinuousCoverage.dir/build.make CMakeFiles/ContinuousCoverage.dir/build

src/utils/Spritesheet.cpp.o:
#  Phony target (prerequisite of .PHONY).
#  Implicit rule search has not been done.
#  File does not exist.
#  File has not been updated.
#  recipe to execute (from 'Makefile', line 758):
	$(MAKE) -f CMakeFiles/2DSur.dir/build.make CMakeFiles/2DSur.dir/src/utils/Spritesheet.cpp.o

NightlyCoverage/fast:
#  Phony target (prerequisite of .PHONY).
#  Implicit rule search has not been done.
#  File does not exist.
#  File has not been updated.
#  recipe to execute (from 'Makefile', line 377):
	$(MAKE) -f CMakeFiles/NightlyCoverage.dir/build.make CMakeFiles/NightlyCoverage.dir/build

ExperimentalCoverage/fast:
#  Phony target (prerequisite of .PHONY).
#  Implicit rule search has not been done.
#  File does not exist.
#  File has not been updated.
#  recipe to execute (from 'Makefile', line 507):
	$(MAKE) -f CMakeFiles/ExperimentalCoverage.dir/build.make CMakeFiles/ExperimentalCoverage.dir/build

src/game/Chunk.cpp.i:
#  Phony target (prerequisite of .PHONY).
#  Implicit rule search has not been done.
#  File does not exist.
#  File has not been updated.
#  recipe to execute (from 'Makefile', line 605):
	$(MAKE) -f CMakeFiles/2DSur.dir/build.make CMakeFiles/2DSur.dir/src/game/Chunk.cpp.i

src/game/Chunk.cpp.o:
#  Phony target (prerequisite of .PHONY).
#  Implicit rule search has not been done.
#  File does not exist.
#  File has not been updated.
#  recipe to execute (from 'Makefile', line 596):
	$(MAKE) -f CMakeFiles/2DSur.dir/build.make CMakeFiles/2DSur.dir/src/game/Chunk.cpp.o

# Not a target:
.hpux_make_needs_suffix_list:
#  Implicit rule search has not been done.
#  Modification time never checked.
#  File has not been updated.

src/MainWindow.cpp.s:
#  Phony target (prerequisite of .PHONY).
#  Implicit rule search has not been done.
#  File does not exist.
#  File has not been updated.
#  recipe to execute (from 'Makefile', line 587):
	$(MAKE) -f CMakeFiles/2DSur.dir/build.make CMakeFiles/2DSur.dir/src/MainWindow.cpp.s

NightlyMemoryCheck/fast:
#  Phony target (prerequisite of .PHONY).
#  Implicit rule search has not been done.
#  File does not exist.
#  File has not been updated.
#  recipe to execute (from 'Makefile', line 221):
	$(MAKE) -f CMakeFiles/NightlyMemoryCheck.dir/build.make CMakeFiles/NightlyMemoryCheck.dir/build

src/game/GameCore.cpp.s:
#  Phony target (prerequisite of .PHONY).
#  Implicit rule search has not been done.
#  File does not exist.
#  File has not been updated.
#  recipe to execute (from 'Makefile', line 695):
	$(MAKE) -f CMakeFiles/2DSur.dir/build.make CMakeFiles/2DSur.dir/src/game/GameCore.cpp.s

src/game/Player.i: src/game/Player.cpp.i
#  Phony target (prerequisite of .PHONY).
#  Implicit rule search has not been done.
#  File does not exist.
#  File has not been updated.

ContinuousStart/fast:
#  Phony target (prerequisite of .PHONY).
#  Implicit rule search has not been done.
#  File does not exist.
#  File has not been updated.
#  recipe to execute (from 'Makefile', line 442):
	$(MAKE) -f CMakeFiles/ContinuousStart.dir/build.make CMakeFiles/ContinuousStart.dir/build

ContinuousTest/fast:
#  Phony target (prerequisite of .PHONY).
#  Implicit rule search has not been done.
#  File does not exist.
#  File has not been updated.
#  recipe to execute (from 'Makefile', line 468):
	$(MAKE) -f CMakeFiles/ContinuousTest.dir/build.make CMakeFiles/ContinuousTest.dir/build

NightlyStart/fast:
#  Phony target (prerequisite of .PHONY).
#  Implicit rule search has not been done.
#  File does not exist.
#  File has not been updated.
#  recipe to execute (from 'Makefile', line 494):
	$(MAKE) -f CMakeFiles/NightlyStart.dir/build.make CMakeFiles/NightlyStart.dir/build

src/MainWindow.i: src/MainWindow.cpp.i
#  Phony target (prerequisite of .PHONY).
#  Implicit rule search has not been done.
#  File does not exist.
#  File has not been updated.

src/MainWindow.o: src/MainWindow.cpp.o
#  Phony target (prerequisite of .PHONY).
#  Implicit rule search has not been done.
#  File does not exist.
#  File has not been updated.

ExperimentalStart/fast:
#  Phony target (prerequisite of .PHONY).
#  Implicit rule search has not been done.
#  File does not exist.
#  File has not been updated.
#  recipe to execute (from 'Makefile', line 390):
	$(MAKE) -f CMakeFiles/ExperimentalStart.dir/build.make CMakeFiles/ExperimentalStart.dir/build

ExperimentalUpdate/fast:
#  Phony target (prerequisite of .PHONY).
#  Implicit rule search has not been done.
#  File does not exist.
#  File has not been updated.
#  recipe to execute (from 'Makefile', line 429):
	$(MAKE) -f CMakeFiles/ExperimentalUpdate.dir/build.make CMakeFiles/ExperimentalUpdate.dir/build

src/game/CoreGameObject.cpp.i:
#  Phony target (prerequisite of .PHONY).
#  Implicit rule search has not been done.
#  File does not exist.
#  File has not been updated.
#  recipe to execute (from 'Makefile', line 632):
	$(MAKE) -f CMakeFiles/2DSur.dir/build.make CMakeFiles/2DSur.dir/src/game/CoreGameObject.cpp.i

package_source/fast: package_source
#  Phony target (prerequisite of .PHONY).
#  Implicit rule search has not been done.
#  File does not exist.
#  File has not been updated.

rebuild_cache:
#  Phony target (prerequisite of .PHONY).
#  Implicit rule search has not been done.
#  File does not exist.
#  File has not been updated.
#  recipe to execute (from 'Makefile', line 61):
	@$(CMAKE_COMMAND) -E cmake_echo_color --switch=$(COLOR) --cyan "Running CMake to regenerate build system..."
	/usr/bin/cmake -S$(CMAKE_SOURCE_DIR) -B$(CMAKE_BINARY_DIR)

# files hash-table stats:
# Load=141/1024=14%, Rehash=0, Collisions=39/519=8%
# VPATH Search Paths

# No 'vpath' search paths.

# No general ('VPATH' variable) search path.

# strcache buffers: 1 (0) / strings = 165 / storage = 2972 B / avg = 18 B
# current buf: size = 8162 B / used = 2972 B / count = 165 / avg = 18 B

# strcache performance: lookups = 780 / hit rate = 78%
# hash-table stats:
# Load=165/8192=2%, Rehash=0, Collisions=8/780=1%
# Finished Make data base on Sun Jul 31 14:06:21 2022

 
